[1007/203626.575:ERROR:filesystem_win.cc(129)] GetFileAttributes C:\Users\Yu Takaki\AppData\Local\Google\Chrome\User Data\Crashpad\attachments\02989889-cb38-47e1-9f85-8304c9ed66cc: The system cannot find the path specified. (0x3)
[1007/203626.578:ERROR:filesystem_win.cc(129)] GetFileAttributes C:\Users\Yu Takaki\AppData\Local\Google\Chrome\User Data\Crashpad\attachments\02e359bd-77a0-49f6-ac94-103c2f0557c4: The system cannot find the path specified. (0x3)
[1007/203626.585:ERROR:filesystem_win.cc(129)] GetFileAttributes C:\Users\Yu Takaki\AppData\Local\Google\Chrome\User Data\Crashpad\attachments\068ad2cc-7c1e-4e32-860a-7da6643978ce: The system cannot find the path specified. (0x3)
[1007/203626.590:ERROR:filesystem_win.cc(129)] GetFileAttributes C:\Users\Yu Takaki\AppData\Local\Google\Chrome\User Data\Crashpad\attachments\0922ca40-9e6f-42cc-973e-b97190409635: The system cannot find the path specified. (0x3)
[1007/203626.599:ERROR:filesystem_win.cc(129)] GetFileAttributes C:\Users\Yu Takaki\AppData\Local\Google\Chrome\User Data\Crashpad\attachments\0b01606f-8edd-49a6-97e3-cb51d2535f95: The system cannot find the path specified. (0x3)
[1007/203626.608:ERROR:filesystem_win.cc(129)] GetFileAttributes C:\Users\Yu Takaki\AppData\Local\Google\Chrome\User Data\Crashpad\attachments\0c4afdf2-cfe2-4b5d-b21d-cfd8cfe26683: The system cannot find the path specified. (0x3)
[1007/203626.617:ERROR:filesystem_win.cc(129)] GetFileAttributes C:\Users\Yu Takaki\AppData\Local\Google\Chrome\User Data\Crashpad\attachments\17c6ac7f-92a2-44e7-a10f-ecde460a6338: The system cannot find the path specified. (0x3)
[1007/203626.634:ERROR:filesystem_win.cc(129)] GetFileAttributes C:\Users\Yu Takaki\AppData\Local\Google\Chrome\User Data\Crashpad\attachments\17ec8114-347b-41ed-b993-42053136e6a5: The system cannot find the path specified. (0x3)
[1007/203626.635:ERROR:filesystem_win.cc(129)] GetFileAttributes C:\Users\Yu Takaki\AppData\Local\Google\Chrome\User Data\Crashpad\attachments\18c03903-bcdd-4905-b513-d76a527d8db8: The system cannot find the path specified. (0x3)
[1007/203626.636:ERROR:filesystem_win.cc(129)] GetFileAttributes C:\Users\Yu Takaki\AppData\Local\Google\Chrome\User Data\Crashpad\attachments\199ab09e-7bbc-4c74-993e-7e3fe49a51c1: The system cannot find the path specified. (0x3)
[1007/203626.656:ERROR:filesystem_win.cc(129)] GetFileAttributes C:\Users\Yu Takaki\AppData\Local\Google\Chrome\User Data\Crashpad\attachments\1e23d26c-2cf2-41c5-b809-2b49ccb39382: The system cannot find the path specified. (0x3)
[1007/203626.657:ERROR:filesystem_win.cc(129)] GetFileAttributes C:\Users\Yu Takaki\AppData\Local\Google\Chrome\User Data\Crashpad\attachments\2141c43b-c57c-412f-acbf-5a7a8fa07b57: The system cannot find the path specified. (0x3)
[1007/203626.666:ERROR:filesystem_win.cc(129)] GetFileAttributes C:\Users\Yu Takaki\AppData\Local\Google\Chrome\User Data\Crashpad\attachments\297b7134-82c1-4126-98f8-2654d4cdeaf6: The system cannot find the path specified. (0x3)
[1007/203626.680:ERROR:filesystem_win.cc(129)] GetFileAttributes C:\Users\Yu Takaki\AppData\Local\Google\Chrome\User Data\Crashpad\attachments\2ce3d084-616f-4b17-b62f-f628c099ee4a: The system cannot find the path specified. (0x3)
[1007/203626.704:ERROR:filesystem_win.cc(129)] GetFileAttributes C:\Users\Yu Takaki\AppData\Local\Google\Chrome\User Data\Crashpad\attachments\2d48166d-5a4d-44fd-8d4e-ac0328d2faa6: The system cannot find the path specified. (0x3)
[1007/203626.722:ERROR:filesystem_win.cc(129)] GetFileAttributes C:\Users\Yu Takaki\AppData\Local\Google\Chrome\User Data\Crashpad\attachments\2ea4e16a-00be-452c-9c24-7df2985a34af: The system cannot find the path specified. (0x3)
[1007/203626.727:ERROR:filesystem_win.cc(129)] GetFileAttributes C:\Users\Yu Takaki\AppData\Local\Google\Chrome\User Data\Crashpad\attachments\2f408305-7d47-4176-a9fb-2f7de30832fa: The system cannot find the path specified. (0x3)
[1007/203626.728:ERROR:filesystem_win.cc(129)] GetFileAttributes C:\Users\Yu Takaki\AppData\Local\Google\Chrome\User Data\Crashpad\attachments\3273a7d3-77e9-483d-8b38-105b0d7d789e: The system cannot find the path specified. (0x3)
[1007/203626.755:ERROR:filesystem_win.cc(129)] GetFileAttributes C:\Users\Yu Takaki\AppData\Local\Google\Chrome\User Data\Crashpad\attachments\36a62f09-78a6-49f2-a194-d7c243afa3ca: The system cannot find the path specified. (0x3)
[1007/203626.774:ERROR:filesystem_win.cc(129)] GetFileAttributes C:\Users\Yu Takaki\AppData\Local\Google\Chrome\User Data\Crashpad\attachments\37e3944f-aa08-42b0-9a44-0b80655f3a3a: The system cannot find the path specified. (0x3)
[1007/203626.790:ERROR:filesystem_win.cc(129)] GetFileAttributes C:\Users\Yu Takaki\AppData\Local\Google\Chrome\User Data\Crashpad\attachments\3ac0b8e2-1cc2-4b4f-83b1-e2b165d5e69b: The system cannot find the path specified. (0x3)
[1007/203626.802:ERROR:filesystem_win.cc(129)] GetFileAttributes C:\Users\Yu Takaki\AppData\Local\Google\Chrome\User Data\Crashpad\attachments\3ae8b733-5ab5-40f7-888f-88eb6893a1e2: The system cannot find the path specified. (0x3)
[1007/203626.807:ERROR:filesystem_win.cc(129)] GetFileAttributes C:\Users\Yu Takaki\AppData\Local\Google\Chrome\User Data\Crashpad\attachments\428e171e-f69c-4977-a972-2778f73625fc: The system cannot find the path specified. (0x3)
[1007/203626.811:ERROR:filesystem_win.cc(129)] GetFileAttributes C:\Users\Yu Takaki\AppData\Local\Google\Chrome\User Data\Crashpad\attachments\4c99dc59-3a3a-4da0-9047-847e2e843501: The system cannot find the path specified. (0x3)
[1007/203626.812:ERROR:filesystem_win.cc(129)] GetFileAttributes C:\Users\Yu Takaki\AppData\Local\Google\Chrome\User Data\Crashpad\attachments\4eff0648-e5b8-4fc7-8884-98c07d1ed8fe: The system cannot find the path specified. (0x3)
[1007/203626.813:ERROR:filesystem_win.cc(129)] GetFileAttributes C:\Users\Yu Takaki\AppData\Local\Google\Chrome\User Data\Crashpad\attachments\5378a0b5-b63d-47c6-9e18-8a131ecc021d: The system cannot find the path specified. (0x3)
[1007/203626.815:ERROR:filesystem_win.cc(129)] GetFileAttributes C:\Users\Yu Takaki\AppData\Local\Google\Chrome\User Data\Crashpad\attachments\574382ea-37b0-458d-8fc4-706d0e18d1f9: The system cannot find the path specified. (0x3)
[1007/203626.816:ERROR:filesystem_win.cc(129)] GetFileAttributes C:\Users\Yu Takaki\AppData\Local\Google\Chrome\User Data\Crashpad\attachments\5a76ec16-1550-4beb-aa42-a2475dc3bba6: The system cannot find the path specified. (0x3)
[1007/203626.868:ERROR:filesystem_win.cc(129)] GetFileAttributes C:\Users\Yu Takaki\AppData\Local\Google\Chrome\User Data\Crashpad\attachments\5db82ec8-198a-44fd-a226-7ca2cf595339: The system cannot find the path specified. (0x3)
[1007/203626.875:ERROR:filesystem_win.cc(129)] GetFileAttributes C:\Users\Yu Takaki\AppData\Local\Google\Chrome\User Data\Crashpad\attachments\5f770fb4-3016-42fa-a037-3ab0d16f9fae: The system cannot find the path specified. (0x3)
[1007/203626.904:ERROR:filesystem_win.cc(129)] GetFileAttributes C:\Users\Yu Takaki\AppData\Local\Google\Chrome\User Data\Crashpad\attachments\61ba8d82-a61c-4d72-821d-3a8fdfa9b878: The system cannot find the path specified. (0x3)
[1007/203626.913:ERROR:filesystem_win.cc(129)] GetFileAttributes C:\Users\Yu Takaki\AppData\Local\Google\Chrome\User Data\Crashpad\attachments\6769f371-dfbf-469c-8ae7-27a6b596baf6: The system cannot find the path specified. (0x3)
[1007/203626.922:ERROR:filesystem_win.cc(129)] GetFileAttributes C:\Users\Yu Takaki\AppData\Local\Google\Chrome\User Data\Crashpad\attachments\6c55fa3c-ab95-4c80-951a-cc85018728cb: The system cannot find the path specified. (0x3)
[1007/203626.942:ERROR:filesystem_win.cc(129)] GetFileAttributes C:\Users\Yu Takaki\AppData\Local\Google\Chrome\User Data\Crashpad\attachments\6ccd1081-569d-48d4-9980-98184d5a9a41: The system cannot find the path specified. (0x3)
[1007/203626.969:ERROR:filesystem_win.cc(129)] GetFileAttributes C:\Users\Yu Takaki\AppData\Local\Google\Chrome\User Data\Crashpad\attachments\71342b0f-6d51-44f3-9f63-df65fb413256: The system cannot find the path specified. (0x3)
[1007/203626.979:ERROR:filesystem_win.cc(129)] GetFileAttributes C:\Users\Yu Takaki\AppData\Local\Google\Chrome\User Data\Crashpad\attachments\7701040b-f002-4617-a826-d9c78ef24bf8: The system cannot find the path specified. (0x3)
[1007/203626.995:ERROR:filesystem_win.cc(129)] GetFileAttributes C:\Users\Yu Takaki\AppData\Local\Google\Chrome\User Data\Crashpad\attachments\856d040d-4c86-40a8-8626-d581ef58677c: The system cannot find the path specified. (0x3)
[1007/203627.008:ERROR:filesystem_win.cc(129)] GetFileAttributes C:\Users\Yu Takaki\AppData\Local\Google\Chrome\User Data\Crashpad\attachments\85d3104c-cf92-45a1-a524-d93d4cee4146: The system cannot find the path specified. (0x3)
[1007/203627.034:ERROR:filesystem_win.cc(129)] GetFileAttributes C:\Users\Yu Takaki\AppData\Local\Google\Chrome\User Data\Crashpad\attachments\8752df9d-d678-41cc-bebf-720698c63e2c: The system cannot find the path specified. (0x3)
[1007/203627.061:ERROR:filesystem_win.cc(129)] GetFileAttributes C:\Users\Yu Takaki\AppData\Local\Google\Chrome\User Data\Crashpad\attachments\8ab981db-9385-4dec-b743-1d6f00ad1d59: The system cannot find the path specified. (0x3)
[1007/203627.083:ERROR:filesystem_win.cc(129)] GetFileAttributes C:\Users\Yu Takaki\AppData\Local\Google\Chrome\User Data\Crashpad\attachments\8c06bda7-7fc0-45be-a599-bc9f730978fd: The system cannot find the path specified. (0x3)
[1007/203627.085:ERROR:filesystem_win.cc(129)] GetFileAttributes C:\Users\Yu Takaki\AppData\Local\Google\Chrome\User Data\Crashpad\attachments\8cf149cd-8ef0-4880-b03f-28e9673b120f: The system cannot find the path specified. (0x3)
[1007/203627.097:ERROR:filesystem_win.cc(129)] GetFileAttributes C:\Users\Yu Takaki\AppData\Local\Google\Chrome\User Data\Crashpad\attachments\8ef59cb3-bf52-4482-848c-6c51bb1cbd17: The system cannot find the path specified. (0x3)
[1007/203627.121:ERROR:filesystem_win.cc(129)] GetFileAttributes C:\Users\Yu Takaki\AppData\Local\Google\Chrome\User Data\Crashpad\attachments\93f581f6-f772-4179-800f-52e14d81d242: The system cannot find the path specified. (0x3)
[1007/203627.142:ERROR:filesystem_win.cc(129)] GetFileAttributes C:\Users\Yu Takaki\AppData\Local\Google\Chrome\User Data\Crashpad\attachments\968763c0-bc96-42f3-8c92-0b3ea6becad8: The system cannot find the path specified. (0x3)
[1007/203627.160:ERROR:filesystem_win.cc(129)] GetFileAttributes C:\Users\Yu Takaki\AppData\Local\Google\Chrome\User Data\Crashpad\attachments\9d469487-10af-4567-a2a8-0b2b432c2397: The system cannot find the path specified. (0x3)
[1007/203627.161:ERROR:filesystem_win.cc(129)] GetFileAttributes C:\Users\Yu Takaki\AppData\Local\Google\Chrome\User Data\Crashpad\attachments\9d6cdd83-2628-4856-82c9-6a9d5a374710: The system cannot find the path specified. (0x3)
[1007/203627.174:ERROR:filesystem_win.cc(129)] GetFileAttributes C:\Users\Yu Takaki\AppData\Local\Google\Chrome\User Data\Crashpad\attachments\9e4ab3ee-e695-4d60-8381-63156fb440ed: The system cannot find the path specified. (0x3)
[1007/203627.199:ERROR:filesystem_win.cc(129)] GetFileAttributes C:\Users\Yu Takaki\AppData\Local\Google\Chrome\User Data\Crashpad\attachments\a1dab3c8-211b-4ced-87ad-aad34955d057: The system cannot find the path specified. (0x3)
[1007/203627.206:ERROR:filesystem_win.cc(129)] GetFileAttributes C:\Users\Yu Takaki\AppData\Local\Google\Chrome\User Data\Crashpad\attachments\a514aa77-8e3e-4cc5-9991-a98ca0d49cda: The system cannot find the path specified. (0x3)
[1007/203627.218:ERROR:filesystem_win.cc(129)] GetFileAttributes C:\Users\Yu Takaki\AppData\Local\Google\Chrome\User Data\Crashpad\attachments\a7b194d1-7ef1-47f8-acaf-489772a04bd9: The system cannot find the path specified. (0x3)
[1007/203627.219:ERROR:filesystem_win.cc(129)] GetFileAttributes C:\Users\Yu Takaki\AppData\Local\Google\Chrome\User Data\Crashpad\attachments\a85b7574-9cb3-43e7-b31b-1a5892ced519: The system cannot find the path specified. (0x3)
[1007/203627.224:ERROR:filesystem_win.cc(129)] GetFileAttributes C:\Users\Yu Takaki\AppData\Local\Google\Chrome\User Data\Crashpad\attachments\a8f45385-bb1a-4937-8cdf-7a7922df7a65: The system cannot find the path specified. (0x3)
[1007/203627.226:ERROR:filesystem_win.cc(129)] GetFileAttributes C:\Users\Yu Takaki\AppData\Local\Google\Chrome\User Data\Crashpad\attachments\af7f75f8-b1d5-4c46-94bc-f7e76d9fbf78: The system cannot find the path specified. (0x3)
[1007/203627.234:ERROR:filesystem_win.cc(129)] GetFileAttributes C:\Users\Yu Takaki\AppData\Local\Google\Chrome\User Data\Crashpad\attachments\b1b359f0-06fe-4e57-8396-13cf90bdad41: The system cannot find the path specified. (0x3)
[1007/203627.253:ERROR:filesystem_win.cc(129)] GetFileAttributes C:\Users\Yu Takaki\AppData\Local\Google\Chrome\User Data\Crashpad\attachments\b2350b10-244d-4600-8f02-f91751d5734a: The system cannot find the path specified. (0x3)
[1007/203627.271:ERROR:filesystem_win.cc(129)] GetFileAttributes C:\Users\Yu Takaki\AppData\Local\Google\Chrome\User Data\Crashpad\attachments\b2beb257-46f4-4bf0-a8e3-0e651ba15348: The system cannot find the path specified. (0x3)
[1007/203627.288:ERROR:filesystem_win.cc(129)] GetFileAttributes C:\Users\Yu Takaki\AppData\Local\Google\Chrome\User Data\Crashpad\attachments\b2c9d7a1-9e79-4ae1-b546-de7c3181504b: The system cannot find the path specified. (0x3)
[1007/203627.301:ERROR:filesystem_win.cc(129)] GetFileAttributes C:\Users\Yu Takaki\AppData\Local\Google\Chrome\User Data\Crashpad\attachments\b6344fe4-d77f-4d51-a1d6-21eb537045d7: The system cannot find the path specified. (0x3)
[1007/203627.322:ERROR:filesystem_win.cc(129)] GetFileAttributes C:\Users\Yu Takaki\AppData\Local\Google\Chrome\User Data\Crashpad\attachments\bc6828c3-0f8b-4708-9609-4c1bd950e594: The system cannot find the path specified. (0x3)
[1007/203627.334:ERROR:filesystem_win.cc(129)] GetFileAttributes C:\Users\Yu Takaki\AppData\Local\Google\Chrome\User Data\Crashpad\attachments\c39b8195-1acf-4e9e-87ca-adece1eb14cc: The system cannot find the path specified. (0x3)
[1007/203627.358:ERROR:filesystem_win.cc(129)] GetFileAttributes C:\Users\Yu Takaki\AppData\Local\Google\Chrome\User Data\Crashpad\attachments\c3d30bbb-cf70-4a80-a0a6-e92b3a4de1ce: The system cannot find the path specified. (0x3)
[1007/203627.371:ERROR:filesystem_win.cc(129)] GetFileAttributes C:\Users\Yu Takaki\AppData\Local\Google\Chrome\User Data\Crashpad\attachments\c4b5d5c0-d050-494e-a89f-1de7138e180a: The system cannot find the path specified. (0x3)
[1007/203627.396:ERROR:filesystem_win.cc(129)] GetFileAttributes C:\Users\Yu Takaki\AppData\Local\Google\Chrome\User Data\Crashpad\attachments\c97d5794-cb21-4d98-8eba-f355198c6150: The system cannot find the path specified. (0x3)
[1007/203627.415:ERROR:filesystem_win.cc(129)] GetFileAttributes C:\Users\Yu Takaki\AppData\Local\Google\Chrome\User Data\Crashpad\attachments\ca912f36-b73a-49f6-beca-f3d8330ed1d5: The system cannot find the path specified. (0x3)
[1007/203627.416:ERROR:filesystem_win.cc(129)] GetFileAttributes C:\Users\Yu Takaki\AppData\Local\Google\Chrome\User Data\Crashpad\attachments\cffdab71-b5ff-4114-850d-a456dfb0dc49: The system cannot find the path specified. (0x3)
[1007/203627.418:ERROR:filesystem_win.cc(129)] GetFileAttributes C:\Users\Yu Takaki\AppData\Local\Google\Chrome\User Data\Crashpad\attachments\d0554b93-130b-44c6-b4e4-984269735f21: The system cannot find the path specified. (0x3)
[1007/203627.432:ERROR:filesystem_win.cc(129)] GetFileAttributes C:\Users\Yu Takaki\AppData\Local\Google\Chrome\User Data\Crashpad\attachments\d1f36c7d-6715-4295-be1b-a3c5a6a7f972: The system cannot find the path specified. (0x3)
[1007/203627.459:ERROR:filesystem_win.cc(129)] GetFileAttributes C:\Users\Yu Takaki\AppData\Local\Google\Chrome\User Data\Crashpad\attachments\d6b25a78-b74b-498c-9d12-51de495781fa: The system cannot find the path specified. (0x3)
[1007/203627.466:ERROR:filesystem_win.cc(129)] GetFileAttributes C:\Users\Yu Takaki\AppData\Local\Google\Chrome\User Data\Crashpad\attachments\d6d41b48-4e01-43a5-b8ff-6c431c8e03b9: The system cannot find the path specified. (0x3)
[1007/203627.491:ERROR:filesystem_win.cc(129)] GetFileAttributes C:\Users\Yu Takaki\AppData\Local\Google\Chrome\User Data\Crashpad\attachments\d9b45718-9d75-4b5c-8c81-12080e48ba91: The system cannot find the path specified. (0x3)
[1007/203627.514:ERROR:filesystem_win.cc(129)] GetFileAttributes C:\Users\Yu Takaki\AppData\Local\Google\Chrome\User Data\Crashpad\attachments\dffe65fa-a376-46d5-96e0-33c06702c88b: The system cannot find the path specified. (0x3)
[1007/203627.545:ERROR:filesystem_win.cc(129)] GetFileAttributes C:\Users\Yu Takaki\AppData\Local\Google\Chrome\User Data\Crashpad\attachments\e234bdf2-323f-4bce-87b6-e60e241c96ce: The system cannot find the path specified. (0x3)
[1007/203627.571:ERROR:filesystem_win.cc(129)] GetFileAttributes C:\Users\Yu Takaki\AppData\Local\Google\Chrome\User Data\Crashpad\attachments\e23c648e-ce99-42aa-8ae7-9a11301a441a: The system cannot find the path specified. (0x3)
[1007/203627.593:ERROR:filesystem_win.cc(129)] GetFileAttributes C:\Users\Yu Takaki\AppData\Local\Google\Chrome\User Data\Crashpad\attachments\e26bd573-ee3c-4f8e-89cc-29202a09ed9c: The system cannot find the path specified. (0x3)
[1007/203627.613:ERROR:filesystem_win.cc(129)] GetFileAttributes C:\Users\Yu Takaki\AppData\Local\Google\Chrome\User Data\Crashpad\attachments\e3897061-bd95-4d40-9ecb-7b1958154cf0: The system cannot find the path specified. (0x3)
[1007/203627.628:ERROR:filesystem_win.cc(129)] GetFileAttributes C:\Users\Yu Takaki\AppData\Local\Google\Chrome\User Data\Crashpad\attachments\e3ee2e43-86e3-47f2-a0af-872f3e8a7e08: The system cannot find the path specified. (0x3)
[1007/203627.629:ERROR:filesystem_win.cc(129)] GetFileAttributes C:\Users\Yu Takaki\AppData\Local\Google\Chrome\User Data\Crashpad\attachments\ecc43f8c-78c6-458f-9270-0534add6ce61: The system cannot find the path specified. (0x3)
[1007/203627.650:ERROR:filesystem_win.cc(129)] GetFileAttributes C:\Users\Yu Takaki\AppData\Local\Google\Chrome\User Data\Crashpad\attachments\eddefafc-ea02-4d6f-b042-a38b7ab7cf11: The system cannot find the path specified. (0x3)
[1007/203627.652:ERROR:filesystem_win.cc(129)] GetFileAttributes C:\Users\Yu Takaki\AppData\Local\Google\Chrome\User Data\Crashpad\attachments\f8266778-a0c7-4a36-8fee-18c9b4b07823: The system cannot find the path specified. (0x3)
[1007/203627.716:ERROR:filesystem_win.cc(129)] GetFileAttributes C:\Users\Yu Takaki\AppData\Local\Google\Chrome\User Data\Crashpad\attachments\fc731d3b-b2c5-47c9-9f84-31bf2ed6e238: The system cannot find the path specified. (0x3)
[1007/203627.721:ERROR:directory_reader_win.cc(43)] FindFirstFile: The system cannot find the path specified. (0x3)
[1009/104812.890:ERROR:directory_reader_win.cc(43)] FindFirstFile: The system cannot find the path specified. (0x3)
